<?xml version="1.0" encoding="UTF-8"?>
<testng-results skipped="0" failed="0" ignored="0" total="1" passed="1">
  <reporter-output>
  </reporter-output>
  <suite name="Default suite" duration-ms="17324" started-at="2022-01-23T20:15:03 IST" finished-at="2022-01-23T20:15:21 IST">
    <groups>
    </groups>
    <test name="Default test" duration-ms="17324" started-at="2022-01-23T20:15:03 IST" finished-at="2022-01-23T20:15:21 IST">
      <class name="com.guru.testcases.LoginTestCase1">
        <test-method status="PASS" signature="setUP()[pri:0, instance:com.guru.testcases.LoginTestCase1@10dba097]" name="setUP" is-config="true" duration-ms="7071" started-at="2022-01-23T20:15:03 IST" finished-at="2022-01-23T20:15:10 IST">
          <reporter-output>
          </reporter-output>
        </test-method> <!-- setUP -->
        <test-method status="PASS" signature="login()[pri:0, instance:com.guru.testcases.LoginTestCase1@10dba097]" name="login" duration-ms="10169" started-at="2022-01-23T20:15:10 IST" finished-at="2022-01-23T20:15:21 IST">
          <reporter-output>
          </reporter-output>
        </test-method> <!-- login -->
      </class> <!-- com.guru.testcases.LoginTestCase1 -->
    </test> <!-- Default test -->
  </suite> <!-- Default suite -->
</testng-results>
